Arguments: 
  C:\Program Files\nodejs\node.exe C:\_practice\Angular\runtime-pizza\node_modules\yarn\bin\yarn.js add express ejs epxress-ejs-layouts

PATH: 
  C:\_practice\Angular\runtime-pizza\node_modules\.bin;C:\Python39\Scripts\;C:\Python39\;C:\Windows\system32;C:\Windows;C:\Windows\System32\Wbem;C:\Windows\System32\WindowsPowerShell\v1.0\;C:\Windows\System32\OpenSSH\;C:\ProgramData\chocolatey\bin;C:\Program Files\Git\cmd;C:\Program Files\dotnet\;C:\Program Files\Microsoft SQL Server\130\Tools\Binn\;C:\Program Files\Microsoft SQL Server\Client SDK\ODBC\170\Tools\Binn\;C:\Users\ghanshyam6\AppData\Roaming\nvm;C:\Program Files\nodejs;C:\Users\ghanshyam6\AppData\Local\Microsoft\WindowsApps;C:\Users\ghanshyam6\AppData\Roaming\npm;C:\Program Files\Git;C:\Users\ghanshyam6\.dotnet\tools;C:\Python39;C:\Users\ghanshyam6\AppData\Roaming\nvm;C:\Program Files\nodejs;C:\WinNMP\bin;C:\Program Files\heroku\bin;C:\Users\ghanshyam6\AppData\Local\Programs\Microsoft VS Code\bin

Yarn version: 
  1.22.15

Node version: 
  14.17.5

Platform: 
  win32 x64

Trace: 
  Error: https://registry.yarnpkg.com/epxress-ejs-layouts: Not found
      at Request.params.callback [as _callback] (C:\_practice\Angular\runtime-pizza\node_modules\yarn\lib\cli.js:66140:18)
      at Request.self.callback (C:\_practice\Angular\runtime-pizza\node_modules\yarn\lib\cli.js:140885:22)
      at Request.emit (events.js:400:28)
      at Request.<anonymous> (C:\_practice\Angular\runtime-pizza\node_modules\yarn\lib\cli.js:141857:10)
      at Request.emit (events.js:400:28)
      at IncomingMessage.<anonymous> (C:\_practice\Angular\runtime-pizza\node_modules\yarn\lib\cli.js:141779:12)
      at Object.onceWrapper (events.js:519:28)
      at IncomingMessage.emit (events.js:412:35)
      at endReadableNT (internal/streams/readable.js:1317:12)
      at processTicksAndRejections (internal/process/task_queues.js:82:21)

npm manifest: 
  {
    "name": "runtime-pizza",
    "version": "1.0.0",
    "description": "",
    "main": "index.js",
    "scripts": {
      "test": "echo \"Error: no test specified\" && exit 1"
    },
    "keywords": [],
    "author": "Faizan Shaikh",
    "license": "ISC",
    "dependencies": {
      "yarn": "^1.22.15"
    }
  }

yarn manifest: 
  No manifest

Lockfile: 
  No lockfile
